localhost.localdomain - - [26/May/2015 18:29:09] "GET / HTTP/1.1" 200 -
localhost.localdomain - - [26/May/2015 18:29:09] "GET /js/paper-full.js HTTP/1.1" 200 -
localhost.localdomain - - [26/May/2015 18:29:09] "GET /js/data_structures.js HTTP/1.1" 200 -
localhost.localdomain - - [26/May/2015 18:29:09] "GET /js/circuit_builder.js HTTP/1.1" 200 -
localhost.localdomain - - [26/May/2015 18:29:09] code 404, message File not found
localhost.localdomain - - [26/May/2015 18:29:09] "GET /favicon.ico HTTP/1.1" 404 -
localhost.localdomain - - [26/May/2015 18:29:09] code 404, message File not found
localhost.localdomain - - [26/May/2015 18:29:09] "GET /favicon.ico HTTP/1.1" 404 -
localhost.localdomain - - [26/May/2015 18:30:54] "GET / HTTP/1.1" 200 -
localhost.localdomain - - [26/May/2015 18:30:54] "GET /js/paper-full.js HTTP/1.1" 200 -
localhost.localdomain - - [26/May/2015 18:30:54] "GET /js/data_structures.js HTTP/1.1" 200 -
localhost.localdomain - - [26/May/2015 18:30:54] "GET /js/circuit_builder.js HTTP/1.1" 200 -
localhost.localdomain - - [26/May/2015 18:30:54] "GET /js/circuit_builder.js HTTP/1.1" 200 -
localhost.localdomain - - [26/May/2015 18:48:34] "GET / HTTP/1.1" 200 -
localhost.localdomain - - [26/May/2015 18:48:34] "GET /js/paper-full.js HTTP/1.1" 200 -
localhost.localdomain - - [26/May/2015 18:48:34] "GET /js/data_structures.js HTTP/1.1" 200 -
localhost.localdomain - - [26/May/2015 18:48:34] "GET /js/circuit_builder.js HTTP/1.1" 200 -
localhost.localdomain - - [26/May/2015 18:48:34] "GET /js/circuit_builder.js HTTP/1.1" 200 -
localhost.localdomain - - [26/May/2015 18:48:52] "GET / HTTP/1.1" 200 -
localhost.localdomain - - [26/May/2015 18:48:52] "GET /js/paper-full.js HTTP/1.1" 200 -
localhost.localdomain - - [26/May/2015 18:48:52] "GET /js/data_structures.js HTTP/1.1" 200 -
localhost.localdomain - - [26/May/2015 18:48:52] "GET /js/circuit_builder.js HTTP/1.1" 200 -
localhost.localdomain - - [26/May/2015 18:48:52] "GET /js/circuit_builder.js HTTP/1.1" 200 -
localhost.localdomain - - [26/May/2015 18:51:03] "GET / HTTP/1.1" 200 -
localhost.localdomain - - [26/May/2015 18:51:03] "GET /js/paper-full.js HTTP/1.1" 200 -
localhost.localdomain - - [26/May/2015 18:51:03] "GET /js/data_structures.js HTTP/1.1" 200 -
localhost.localdomain - - [26/May/2015 18:51:03] "GET /js/circuit_builder.js HTTP/1.1" 200 -
localhost.localdomain - - [26/May/2015 18:51:15] "GET / HTTP/1.1" 200 -
localhost.localdomain - - [26/May/2015 18:51:15] "GET /js/paper-full.js HTTP/1.1" 200 -
localhost.localdomain - - [26/May/2015 18:51:15] "GET /js/data_structures.js HTTP/1.1" 200 -
localhost.localdomain - - [26/May/2015 18:51:15] "GET /js/circuit_builder.js HTTP/1.1" 200 -
localhost.localdomain - - [26/May/2015 18:51:15] "GET /js/circuit_builder.js HTTP/1.1" 200 -
localhost.localdomain - - [26/May/2015 18:51:32] "GET / HTTP/1.1" 200 -
localhost.localdomain - - [26/May/2015 18:51:32] "GET /js/paper-full.js HTTP/1.1" 200 -
localhost.localdomain - - [26/May/2015 18:51:32] "GET /js/data_structures.js HTTP/1.1" 200 -
localhost.localdomain - - [26/May/2015 18:51:32] "GET /js/circuit_builder.js HTTP/1.1" 200 -
localhost.localdomain - - [26/May/2015 18:51:32] "GET /js/circuit_builder.js HTTP/1.1" 200 -
localhost.localdomain - - [26/May/2015 18:53:32] "GET / HTTP/1.1" 200 -
localhost.localdomain - - [26/May/2015 18:53:32] "GET /js/paper-full.js HTTP/1.1" 200 -
localhost.localdomain - - [26/May/2015 18:53:32] "GET /js/data_structures.js HTTP/1.1" 200 -
localhost.localdomain - - [26/May/2015 18:53:32] "GET /js/circuit_builder.js HTTP/1.1" 200 -
localhost.localdomain - - [26/May/2015 18:53:32] "GET /js/circuit_builder.js HTTP/1.1" 200 -
localhost.localdomain - - [26/May/2015 18:54:01] "GET / HTTP/1.1" 200 -
localhost.localdomain - - [26/May/2015 18:54:01] "GET /js/paper-full.js HTTP/1.1" 200 -
localhost.localdomain - - [26/May/2015 18:54:01] "GET /js/data_structures.js HTTP/1.1" 200 -
localhost.localdomain - - [26/May/2015 18:54:01] "GET /js/circuit_builder.js HTTP/1.1" 200 -
localhost.localdomain - - [26/May/2015 18:54:01] "GET /js/circuit_builder.js HTTP/1.1" 200 -
localhost.localdomain - - [26/May/2015 18:54:03] "GET / HTTP/1.1" 200 -
localhost.localdomain - - [26/May/2015 18:54:03] "GET /js/paper-full.js HTTP/1.1" 200 -
localhost.localdomain - - [26/May/2015 18:54:03] "GET /js/data_structures.js HTTP/1.1" 200 -
localhost.localdomain - - [26/May/2015 18:54:03] "GET /js/circuit_builder.js HTTP/1.1" 200 -
localhost.localdomain - - [26/May/2015 18:54:03] "GET /js/circuit_builder.js HTTP/1.1" 200 -
localhost.localdomain - - [26/May/2015 18:54:05] "GET / HTTP/1.1" 200 -
localhost.localdomain - - [26/May/2015 18:54:05] "GET /js/paper-full.js HTTP/1.1" 200 -
localhost.localdomain - - [26/May/2015 18:54:05] "GET /js/data_structures.js HTTP/1.1" 200 -
localhost.localdomain - - [26/May/2015 18:54:05] "GET /js/circuit_builder.js HTTP/1.1" 200 -
localhost.localdomain - - [26/May/2015 18:54:05] "GET /js/circuit_builder.js HTTP/1.1" 200 -
localhost.localdomain - - [26/May/2015 18:55:15] "GET / HTTP/1.1" 200 -
localhost.localdomain - - [26/May/2015 18:55:15] "GET /js/paper-full.js HTTP/1.1" 200 -
localhost.localdomain - - [26/May/2015 18:55:15] "GET /js/data_structures.js HTTP/1.1" 200 -
localhost.localdomain - - [26/May/2015 18:55:15] "GET /js/circuit_builder.js HTTP/1.1" 200 -
localhost.localdomain - - [26/May/2015 18:55:15] "GET /js/circuit_builder.js HTTP/1.1" 200 -
localhost.localdomain - - [26/May/2015 18:55:56] "GET / HTTP/1.1" 200 -
localhost.localdomain - - [26/May/2015 18:55:56] "GET /js/paper-full.js HTTP/1.1" 200 -
localhost.localdomain - - [26/May/2015 18:55:56] "GET /js/data_structures.js HTTP/1.1" 200 -
localhost.localdomain - - [26/May/2015 18:55:56] "GET /js/circuit_builder.js HTTP/1.1" 200 -
localhost.localdomain - - [26/May/2015 18:55:56] "GET /js/circuit_builder.js HTTP/1.1" 200 -
localhost.localdomain - - [26/May/2015 18:56:18] "GET / HTTP/1.1" 200 -
localhost.localdomain - - [26/May/2015 18:56:18] "GET /js/paper-full.js HTTP/1.1" 200 -
localhost.localdomain - - [26/May/2015 18:56:18] "GET /js/data_structures.js HTTP/1.1" 200 -
localhost.localdomain - - [26/May/2015 18:56:18] "GET /js/circuit_builder.js HTTP/1.1" 200 -
localhost.localdomain - - [26/May/2015 18:56:18] "GET /js/circuit_builder.js HTTP/1.1" 200 -
